Build started 01/12/2015 19:42:51.
     1>Project "D:\Victor\Bureau\IUT\Algorithme\TTT apre rendu\Projet1\Projet1.vcxproj" on node 2 (Build target(s)).
     1>ClCompile:
         C:\Program Files (x86)\Microsoft Visual Studio 14.0\VC\bin\CL.exe /c /ZI /nologo /W3 /WX- /sdl /Od /Oy- /D _MBCS /Gm /EHsc /RTC1 /MDd /GS /fp:precise /Zc:wchar_t /Zc:forScope /Zc:inline /Fo"Debug\\" /Fd"Debug\vc140.pdb" /Gd /TP /analyze- /errorReport:prompt Console.cpp ConsoleTTT.cpp main.cpp testTTT.cpp Travail.cpp TTT.cpp Unittest.cpp
         Unittest.cpp
         TTT.cpp
     1>d:\victor\bureau\iut\algorithme\ttt apre rendu\projet1\ttt.cpp(124): warning C4018: '<': signed/unsigned mismatch
     1>d:\victor\bureau\iut\algorithme\ttt apre rendu\projet1\ttt.cpp(136): warning C4018: '<': signed/unsigned mismatch
     1>d:\victor\bureau\iut\algorithme\ttt apre rendu\projet1\ttt.cpp(147): warning C4018: '<': signed/unsigned mismatch
     1>d:\victor\bureau\iut\algorithme\ttt apre rendu\projet1\ttt.cpp(158): warning C4018: '<': signed/unsigned mismatch
     1>d:\victor\bureau\iut\algorithme\ttt apre rendu\projet1\ttt.cpp(194): warning C4018: '<': signed/unsigned mismatch
         Travail.cpp
     1>d:\victor\bureau\iut\algorithme\ttt apre rendu\projet1\travail.cpp(30): warning C4800: 'int': forcing value to bool 'true' or 'false' (performance warning)
     1>d:\victor\bureau\iut\algorithme\ttt apre rendu\projet1\travail.cpp(73): warning C4244: '=': conversion from '__int64' to 'int', possible loss of data
         testTTT.cpp
         main.cpp
         ConsoleTTT.cpp
     1>d:\victor\bureau\iut\algorithme\ttt apre rendu\projet1\consolettt.cpp(54): warning C4244: 'argument': conversion from 'time_t' to 'unsigned int', possible loss of data
         Console.cpp
     1>d:\victor\bureau\iut\algorithme\ttt apre rendu\projet1\console.cpp(185): warning C4244: '=': conversion from 'double' to 'int', possible loss of data
         Generating Code...
     1>d:\victor\bureau\iut\algorithme\ttt apre rendu\projet1\travail.cpp(88): warning C4715: 'backspace': not all control paths return a value
       Link:
         C:\Program Files (x86)\Microsoft Visual Studio 14.0\VC\bin\link.exe /ERRORREPORT:PROMPT /OUT:"D:\Victor\Bureau\IUT\Algorithme\TTT apre rendu\Debug\Projet1.exe" /INCREMENTAL /NOLOGO kernel32.lib user32.lib gdi32.lib winspool.lib comdlg32.lib advapi32.lib shell32.lib ole32.lib oleaut32.lib uuid.lib odbc32.lib odbccp32.lib /MANIFEST /MANIFESTUAC:"level='asInvoker' uiAccess='false'" /manifest:embed /Debug /PDB:"D:\Victor\Bureau\IUT\Algorithme\TTT apre rendu\Debug\Projet1.pdb" /TLBID:1 /DYNAMICBASE /NXCOMPAT /IMPLIB:"D:\Victor\Bureau\IUT\Algorithme\TTT apre rendu\Debug\Projet1.lib" /MACHINE:X86 Debug\Console.obj
         Debug\ConsoleTTT.obj
         Debug\main.obj
         Debug\testTTT.obj
         Debug\Travail.obj
         Debug\TTT.obj
         Debug\Unittest.obj
         Projet1.vcxproj -> D:\Victor\Bureau\IUT\Algorithme\TTT apre rendu\Debug\Projet1.exe
     1>Done Building Project "D:\Victor\Bureau\IUT\Algorithme\TTT apre rendu\Projet1\Projet1.vcxproj" (Build target(s)).

Build succeeded.

Time Elapsed 00:00:06.42
